This XML file does not appear to have any style information associated with it. The document tree is shown below.
<testsuite xmlns:xsi="http://www.w3.org/2001/XMLSchema-instance" xsi:noNamespaceSchemaLocation="https://maven.apache.org/surefire/maven-surefire-plugin/xsd/surefire-test-report.xsd" name="com.docker.DockerCheckRepo.DockerCheckRepoApplicationTests" time="2.943" tests="10" errors="0" skipped="2" failures="2">
<properties>
[...]
</properties>
<testcase name="Test10" classname="com.docker.DockerCheckRepo.DockerCheckRepoApplicationTests" time="0">
<skipped message="public void com.docker.DockerCheckRepo.DockerCheckRepoApplicationTests.Test10() is @Disabled"/>
<system-out>
<![CDATA[ 11:47:11.636 [main] DEBUG org.springframework.test.context.BootstrapUtils - Instantiating CacheAwareContextLoaderDelegate from class [org.springframework.test.context.cache.DefaultCacheAwareContextLoaderDelegate] 11:47:11.650 [main] DEBUG org.springframework.test.context.BootstrapUtils - Instantiating BootstrapContext using constructor [public org.springframework.test.context.support.DefaultBootstrapContext(java.lang.Class,org.springframework.test.context.CacheAwareContextLoaderDelegate)] 11:47:11.687 [main] DEBUG org.springframework.test.context.BootstrapUtils - Instantiating TestContextBootstrapper for test class [com.docker.DockerCheckRepo.DockerCheckRepoApplicationTests] from class [org.springframework.boot.test.context.SpringBootTestContextBootstrapper] 11:47:11.700 [main] INFO org.springframework.boot.test.context.SpringBootTestContextBootstrapper - Neither @ContextConfiguration nor @ContextHierarchy found for test class [com.docker.DockerCheckRepo.DockerCheckRepoApplicationTests], using SpringBootContextLoader 11:47:11.704 [main] DEBUG org.springframework.test.context.support.AbstractContextLoader - Did not detect default resource location for test class [com.docker.DockerCheckRepo.DockerCheckRepoApplicationTests]: class path resource [com/docker/DockerCheckRepo/DockerCheckRepoApplicationTests-context.xml] does not exist 11:47:11.705 [main] DEBUG org.springframework.test.context.support.AbstractContextLoader - Did not detect default resource location for test class [com.docker.DockerCheckRepo.DockerCheckRepoApplicationTests]: class path resource [com/docker/DockerCheckRepo/DockerCheckRepoApplicationTestsContext.groovy] does not exist 11:47:11.706 [main] INFO org.springframework.test.context.support.AbstractContextLoader - Could not detect default resource locations for test class [com.docker.DockerCheckRepo.DockerCheckRepoApplicationTests]: no resource found for suffixes {-context.xml, Context.groovy}. 11:47:11.707 [main] INFO org.springframework.test.context.support.AnnotationConfigContextLoaderUtils - Could not detect default configuration classes for test class [com.docker.DockerCheckRepo.DockerCheckRepoApplicationTests]: DockerCheckRepoApplicationTests does not declare any static, non-private, non-final, nested classes annotated with @Configuration. 11:47:11.739 [main] DEBUG org.springframework.test.context.support.ActiveProfilesUtils - Could not find an 'annotation declaring class' for annotation type [org.springframework.test.context.ActiveProfiles] and class [com.docker.DockerCheckRepo.DockerCheckRepoApplicationTests] 11:47:11.790 [main] DEBUG org.springframework.context.annotation.ClassPathScanningCandidateComponentProvider - Identified candidate component class: file [/home/runner/work/DockerCheckRepo/DockerCheckRepo/target/classes/com/docker/DockerCheckRepo/DockerCheckRepoApplication.class] 11:47:11.802 [main] INFO org.springframework.boot.test.context.SpringBootTestContextBootstrapper - Found @SpringBootConfiguration com.docker.DockerCheckRepo.DockerCheckRepoApplication for test class com.docker.DockerCheckRepo.DockerCheckRepoApplicationTests 11:47:11.911 [main] DEBUG org.springframework.boot.test.context.SpringBootTestContextBootstrapper - @TestExecutionListeners is not present for class [com.docker.DockerCheckRepo.DockerCheckRepoApplicationTests]: using defaults. 11:47:11.912 [main] INFO org.springframework.boot.test.context.SpringBootTestContextBootstrapper - Loaded default TestExecutionListener class names from location [META-INF/spring.factories]: [org.springframework.boot.test.mock.mockito.MockitoTestExecutionListener, org.springframework.boot.test.mock.mockito.ResetMocksTestExecutionListener, org.springframework.boot.test.autoconfigure.restdocs.RestDocsTestExecutionListener, org.springframework.boot.test.autoconfigure.web.client.MockRestServiceServerResetTestExecutionListener, org.springframework.boot.test.autoconfigure.web.servlet.MockMvcPrintOnlyOnFailureTestExecutionListener, org.springframework.boot.test.autoconfigure.web.servlet.WebDriverTestExecutionListener, org.springframework.boot.test.autoconfigure.webservices.client.MockWebServiceServerTestExecutionListener, org.springframework.test.context.web.ServletTestExecutionListener, org.springframework.test.context.support.DirtiesContextBeforeModesTestExecutionListener, org.springframework.test.context.support.DependencyInjectionTestExecutionListener, org.springframework.test.context.support.DirtiesContextTestExecutionListener, org.springframework.test.context.transaction.TransactionalTestExecutionListener, org.springframework.test.context.jdbc.SqlScriptsTestExecutionListener, org.springframework.test.context.event.EventPublishingTestExecutionListener] 11:47:11.924 [main] DEBUG org.springframework.boot.test.context.SpringBootTestContextBootstrapper - Skipping candidate TestExecutionListener [org.springframework.test.context.transaction.TransactionalTestExecutionListener] due to a missing dependency. Specify custom listener classes or make the default listener classes and their required dependencies available. Offending class: [org/springframework/transaction/TransactionDefinition] 11:47:11.925 [main] DEBUG org.springframework.boot.test.context.SpringBootTestContextBootstrapper - Skipping candidate TestExecutionListener [org.springframework.test.context.jdbc.SqlScriptsTestExecutionListener] due to a missing dependency. Specify custom listener classes or make the default listener classes and their required dependencies available. Offending class: [org/springframework/transaction/interceptor/TransactionAttribute] 11:47:11.926 [main] INFO org.springframework.boot.test.context.SpringBootTestContextBootstrapper - Using TestExecutionListeners: [org.springframework.test.context.web.ServletTestExecutionListener@9ef8eb7, org.springframework.test.context.support.DirtiesContextBeforeModesTestExecutionListener@34cdeda2, org.springframework.boot.test.mock.mockito.MockitoTestExecutionListener@6ee660fb, org.springframework.boot.test.autoconfigure.SpringBootDependencyInjectionTestExecutionListener@305a0c5f, org.springframework.test.context.support.DirtiesContextTestExecutionListener@4535b6d5, org.springframework.test.context.event.EventPublishingTestExecutionListener@1ecee32c, org.springframework.boot.test.mock.mockito.ResetMocksTestExecutionListener@4372b9b6, org.springframework.boot.test.autoconfigure.restdocs.RestDocsTestExecutionListener@232a7d73, org.springframework.boot.test.autoconfigure.web.client.MockRestServiceServerResetTestExecutionListener@4b41e4dd, org.springframework.boot.test.autoconfigure.web.servlet.MockMvcPrintOnlyOnFailureTestExecutionListener@22ffa91a, org.springframework.boot.test.autoconfigure.web.servlet.WebDriverTestExecutionListener@74960bfa, org.springframework.boot.test.autoconfigure.webservices.client.MockWebServiceServerTestExecutionListener@42721fe] 11:47:11.931 [main] DEBUG org.springframework.test.context.support.AbstractDirtiesContextTestExecutionListener - Before test class: context [DefaultTestContext@189aa67a testClass = DockerCheckRepoApplicationTests, testInstance = [null], testMethod = [null], testException = [null], mergedContextConfiguration = [WebMergedContextConfiguration@5a9d6f02 testClass = DockerCheckRepoApplicationTests, locations = '{}', classes = '{class com.docker.DockerCheckRepo.DockerCheckRepoApplication}', contextInitializerClasses = '[]', activeProfiles = '{}', propertySourceLocations = '{}', propertySourceProperties = '{org.springframework.boot.test.context.SpringBootTestContextBootstrapper=true}', contextCustomizers = set[org.springframework.boot.test.context.filter.ExcludeFilterContextCustomizer@69504ae9, org.springframework.boot.test.json.DuplicateJsonObjectContextCustomizerFactory$DuplicateJsonObjectContextCustomizer@1500b2f3, org.springframework.boot.test.mock.mockito.MockitoContextCustomizer@0, org.springframework.boot.test.web.client.TestRestTemplateContextCustomizer@6cd24612, org.springframework.boot.test.autoconfigure.properties.PropertyMappingContextCustomizer@0, org.springframework.boot.test.autoconfigure.web.servlet.WebDriverContextCustomizerFactory$Customizer@5e3f861, org.springframework.boot.test.context.SpringBootTestArgs@1], resourceBasePath = 'src/main/webapp', contextLoader = 'org.springframework.boot.test.context.SpringBootContextLoader', parent = [null]], attributes = map['org.springframework.test.context.web.ServletTestExecutionListener.activateListener' -> true]], class annotated with @DirtiesContext [false] with mode [null]. 11:47:11.965 [main] DEBUG org.springframework.test.context.support.TestPropertySourceUtils - Adding inlined properties to environment: {spring.jmx.enabled=false, org.springframework.boot.test.context.SpringBootTestContextBootstrapper=true} . ____ _ __ _ _ /\\ / ___'_ __ _ _(_)_ __ __ _ \ \ \ \ ( ( )\___ | '_ | '_| | '_ \/ _` | \ \ \ \ \\/ ___)| |_)| | | | | || (_| | ) ) ) ) ' |____| .__|_| |_|_| |_\__, | / / / / =========|_|==============|___/=/_/_/_/ :: Spring Boot :: (v2.3.2.RELEASE) 2023-04-24 11:47:12.423 INFO 1900 --- [ main] c.d.D.DockerCheckRepoApplicationTests : Starting DockerCheckRepoApplicationTests on fv-az576-472 with PID 1900 (started by runner in /home/runner/work/DockerCheckRepo/DockerCheckRepo) 2023-04-24 11:47:12.425 INFO 1900 --- [ main] c.d.D.DockerCheckRepoApplicationTests : No active profile set, falling back to default profiles: default 2023-04-24 11:47:13.790 INFO 1900 --- [ main] o.s.s.concurrent.ThreadPoolTaskExecutor : Initializing ExecutorService 'applicationTaskExecutor' 2023-04-24 11:47:14.088 INFO 1900 --- [ main] c.d.D.DockerCheckRepoApplicationTests : Started DockerCheckRepoApplicationTests in 2.114 seconds (JVM running for 3.292) ]]>
</system-out>
</testcase>
<testcase name="Test1" classname="com.docker.DockerCheckRepo.DockerCheckRepoApplicationTests" time="0.303"/>
<testcase name="Test2" classname="com.docker.DockerCheckRepo.DockerCheckRepoApplicationTests" time="0.002"/>
<testcase name="Test3" classname="com.docker.DockerCheckRepo.DockerCheckRepoApplicationTests" time="0.002"/>
<testcase name="Test4" classname="com.docker.DockerCheckRepo.DockerCheckRepoApplicationTests" time="0.003"/>
<testcase name="Test5" classname="com.docker.DockerCheckRepo.DockerCheckRepoApplicationTests" time="0.004"/>
<testcase name="Test6" classname="com.docker.DockerCheckRepo.DockerCheckRepoApplicationTests" time="0.002"/>
<testcase name="Test7" classname="com.docker.DockerCheckRepo.DockerCheckRepoApplicationTests" time="0.011">
<failure message="expected:<Test[]> but was:<Test[7]>" type="org.junit.ComparisonFailure">
<![CDATA[ org.junit.ComparisonFailure: expected:<Test[]> but was:<Test[7]> at com.docker.DockerCheckRepo.DockerCheckRepoApplicationTests.Test7(DockerCheckRepoApplicationTests.java:58) ]]>
</failure>
</testcase>
<testcase name="Test8" classname="com.docker.DockerCheckRepo.DockerCheckRepoApplicationTests" time="0.003">
<failure message="expected:<5> but was:<6>" type="java.lang.AssertionError">
<![CDATA[ java.lang.AssertionError: expected:<5> but was:<6> at com.docker.DockerCheckRepo.DockerCheckRepoApplicationTests.Test8(DockerCheckRepoApplicationTests.java:65) ]]>
</failure>
</testcase>
<testcase name="Test9" classname="com.docker.DockerCheckRepo.DockerCheckRepoApplicationTests" time="0">
<skipped message="public void com.docker.DockerCheckRepo.DockerCheckRepoApplicationTests.Test9() is @Disabled"/>
</testcase>
</testsuite>
